Arguments: 
  /snap/node/3663/bin/node /snap/node/3663/bin/yarn.js config get registry

PATH: 
  /home/jhonatas/development/udemy_docker/prod_workflow/node_modules/.bin:/home/jhonatas/development/udemy_docker/node_modules/.bin:/home/jhonatas/development/node_modules/.bin:/home/jhonatas/node_modules/.bin:/home/node_modules/.bin:/node_modules/.bin:/snap/node/3663/lib/node_modules/npm/node_modules/@npmcli/run-script/lib/node-gyp-bin:/home/jhonatas/.npm/_npx/c67e74de0542c87c/node_modules/.bin:/home/jhonatas/development/udemy_docker/node_modules/.bin:/home/jhonatas/development/node_modules/.bin:/home/jhonatas/node_modules/.bin:/home/node_modules/.bin:/node_modules/.bin:/snap/node/3663/lib/node_modules/npm/node_modules/@npmcli/run-script/lib/node-gyp-bin:/home/jhonatas/miniconda3/bin:/home/jhonatas/miniconda3/condabin:/usr/local/sbin:/usr/local/bin:/usr/sbin:/usr/bin:/sbin:/bin:/usr/games:/usr/local/games:/snap/bin

Yarn version: 
  1.22.5

Node version: 
  15.8.0

Platform: 
  linux x64

Trace: 
  Error: EACCES: permission denied, write
      at writeSync (node:fs:731:3)
      at SyncWriteStream._write (node:internal/fs/sync_write_stream:25:3)
      at writeOrBuffer (node:internal/streams/writable:400:12)
      at _write (node:internal/streams/writable:341:10)
      at SyncWriteStream.Writable.write (node:internal/streams/writable:345:10)
      at ConsoleReporter._log (/snap/node/3663/lib/cli.js:96770:17)
      at ConsoleReporter.log (/snap/node/3663/lib/cli.js:96758:10)
      at get (/snap/node/3663/lib/cli.js:87536:14)
      at Object.<anonymous> (/snap/node/3663/lib/cli.js:25940:25)
      at Generator.next (<anonymous>)

npm manifest: 
  {
    "name": "frontend",
    "version": "0.1.0",
    "private": true
  }

yarn manifest: 
  No manifest

Lockfile: 
  No lockfile
